f:\desktop app\desktop app\sentrxai_dashboard\sentrxai_dashboard\bin\debug\game\source\vcpp\debug\cube.pch
f:\desktop app\desktop app\sentrxai_dashboard\sentrxai_dashboard\bin\debug\game\source\vcpp\debug\vc145.pdb
f:\desktop app\desktop app\sentrxai_dashboard\sentrxai_dashboard\bin\debug\game\source\vcpp\debug\vc145.idb
f:\desktop app\desktop app\sentrxai_dashboard\sentrxai_dashboard\bin\debug\game\source\vcpp\debug\pch.obj
f:\desktop app\desktop app\sentrxai_dashboard\sentrxai_dashboard\bin\debug\game\source\vcpp\debug\worldlight.obj
f:\desktop app\desktop app\sentrxai_dashboard\sentrxai_dashboard\bin\debug\game\source\vcpp\debug\worldio.obj
f:\desktop app\desktop app\sentrxai_dashboard\sentrxai_dashboard\bin\debug\game\source\vcpp\debug\world.obj
f:\desktop app\desktop app\sentrxai_dashboard\sentrxai_dashboard\bin\debug\game\source\vcpp\debug\rndmap.obj
f:\desktop app\desktop app\sentrxai_dashboard\sentrxai_dashboard\bin\debug\game\source\vcpp\debug\editing.obj
f:\desktop app\desktop app\sentrxai_dashboard\sentrxai_dashboard\bin\debug\game\source\vcpp\debug\serverms.obj
f:\desktop app\desktop app\sentrxai_dashboard\sentrxai_dashboard\bin\debug\game\source\vcpp\debug\serverbrowser.obj
f:\desktop app\desktop app\sentrxai_dashboard\sentrxai_dashboard\bin\debug\game\source\vcpp\debug\server.obj
f:\desktop app\desktop app\sentrxai_dashboard\sentrxai_dashboard\bin\debug\game\source\vcpp\debug\packetqueue.obj
f:\desktop app\desktop app\sentrxai_dashboard\sentrxai_dashboard\bin\debug\game\source\vcpp\debug\clients2c.obj
f:\desktop app\desktop app\sentrxai_dashboard\sentrxai_dashboard\bin\debug\game\source\vcpp\debug\clientgame.obj
f:\desktop app\desktop app\sentrxai_dashboard\sentrxai_dashboard\bin\debug\game\source\vcpp\debug\client.obj
f:\desktop app\desktop app\sentrxai_dashboard\sentrxai_dashboard\bin\debug\game\source\vcpp\debug\texture.obj
f:\desktop app\desktop app\sentrxai_dashboard\sentrxai_dashboard\bin\debug\game\source\vcpp\debug\shadow.obj
f:\desktop app\desktop app\sentrxai_dashboard\sentrxai_dashboard\bin\debug\game\source\vcpp\debug\rendertext.obj
f:\desktop app\desktop app\sentrxai_dashboard\sentrxai_dashboard\bin\debug\game\source\vcpp\debug\renderparticles.obj
f:\desktop app\desktop app\sentrxai_dashboard\sentrxai_dashboard\bin\debug\game\source\vcpp\debug\rendermodel.obj
f:\desktop app\desktop app\sentrxai_dashboard\sentrxai_dashboard\bin\debug\game\source\vcpp\debug\renderhud.obj
f:\desktop app\desktop app\sentrxai_dashboard\sentrxai_dashboard\bin\debug\game\source\vcpp\debug\rendergl.obj
f:\desktop app\desktop app\sentrxai_dashboard\sentrxai_dashboard\bin\debug\game\source\vcpp\debug\rendercubes.obj
f:\desktop app\desktop app\sentrxai_dashboard\sentrxai_dashboard\bin\debug\game\source\vcpp\debug\ac_bot_ai.obj
f:\desktop app\desktop app\sentrxai_dashboard\sentrxai_dashboard\bin\debug\game\source\vcpp\debug\ac_bot.obj
f:\desktop app\desktop app\sentrxai_dashboard\sentrxai_dashboard\bin\debug\game\source\vcpp\debug\zip.obj
f:\desktop app\desktop app\sentrxai_dashboard\sentrxai_dashboard\bin\debug\game\source\vcpp\debug\water.obj
f:\desktop app\desktop app\sentrxai_dashboard\sentrxai_dashboard\bin\debug\game\source\vcpp\debug\stream.obj
f:\desktop app\desktop app\sentrxai_dashboard\sentrxai_dashboard\bin\debug\game\source\vcpp\debug\menus.obj
f:\desktop app\desktop app\sentrxai_dashboard\sentrxai_dashboard\bin\debug\game\source\vcpp\debug\main.obj
f:\desktop app\desktop app\sentrxai_dashboard\sentrxai_dashboard\bin\debug\game\source\vcpp\debug\log.obj
f:\desktop app\desktop app\sentrxai_dashboard\sentrxai_dashboard\bin\debug\game\source\vcpp\debug\http.obj
f:\desktop app\desktop app\sentrxai_dashboard\sentrxai_dashboard\bin\debug\game\source\vcpp\debug\docs.obj
f:\desktop app\desktop app\sentrxai_dashboard\sentrxai_dashboard\bin\debug\game\source\vcpp\debug\crypto.obj
f:\desktop app\desktop app\sentrxai_dashboard\sentrxai_dashboard\bin\debug\game\source\vcpp\debug\console.obj
f:\desktop app\desktop app\sentrxai_dashboard\sentrxai_dashboard\bin\debug\game\source\vcpp\debug\autodownload.obj
f:\desktop app\desktop app\sentrxai_dashboard\sentrxai_dashboard\bin\debug\game\source\vcpp\debug\command.obj
f:\desktop app\desktop app\sentrxai_dashboard\sentrxai_dashboard\bin\debug\game\source\vcpp\debug\weapon.obj
f:\desktop app\desktop app\sentrxai_dashboard\sentrxai_dashboard\bin\debug\game\source\vcpp\debug\scoreboard.obj
f:\desktop app\desktop app\sentrxai_dashboard\sentrxai_dashboard\bin\debug\game\source\vcpp\debug\physics.obj
f:\desktop app\desktop app\sentrxai_dashboard\sentrxai_dashboard\bin\debug\game\source\vcpp\debug\entities.obj
f:\desktop app\desktop app\sentrxai_dashboard\sentrxai_dashboard\bin\debug\game\source\vcpp\debug\worldrender.obj
f:\desktop app\desktop app\sentrxai_dashboard\sentrxai_dashboard\bin\debug\game\source\vcpp\debug\worldocull.obj
f:\desktop app\desktop app\sentrxai_dashboard\sentrxai_dashboard\bin\debug\game\source\vcpp\debug\soundscheduler.obj
f:\desktop app\desktop app\sentrxai_dashboard\sentrxai_dashboard\bin\debug\game\source\vcpp\debug\soundlocation.obj
f:\desktop app\desktop app\sentrxai_dashboard\sentrxai_dashboard\bin\debug\game\source\vcpp\debug\openal.obj
f:\desktop app\desktop app\sentrxai_dashboard\sentrxai_dashboard\bin\debug\game\source\vcpp\debug\oggstream.obj
f:\desktop app\desktop app\sentrxai_dashboard\sentrxai_dashboard\bin\debug\game\source\vcpp\debug\audiomanager.obj
f:\desktop app\desktop app\sentrxai_dashboard\sentrxai_dashboard\bin\debug\game\source\vcpp\debug\botmanager.obj
f:\desktop app\desktop app\sentrxai_dashboard\sentrxai_dashboard\bin\debug\game\source\vcpp\debug\bot_waypoint.obj
f:\desktop app\desktop app\sentrxai_dashboard\sentrxai_dashboard\bin\debug\game\source\vcpp\debug\bot_util.obj
f:\desktop app\desktop app\sentrxai_dashboard\sentrxai_dashboard\bin\debug\game\source\vcpp\debug\bot_ai.obj
f:\desktop app\desktop app\sentrxai_dashboard\sentrxai_dashboard\bin\debug\game\source\vcpp\debug\bot.obj
f:\desktop app\desktop app\sentrxai_dashboard\sentrxai_dashboard\bin\debug\game\source\vcpp\debug\protocol1.obj
f:\desktop app\desktop app\sentrxai_dashboard\sentrxai_dashboard\bin\debug\game\source\vcpp\debug\tools.obj
f:\desktop app\desktop app\sentrxai_dashboard\sentrxai_dashboard\bin\debug\game\bin_win32\ac_client.exe
f:\desktop app\desktop app\sentrxai_dashboard\sentrxai_dashboard\bin\debug\game\source\vcpp\debug\ac_client.pdb
f:\desktop app\desktop app\sentrxai_dashboard\sentrxai_dashboard\bin\debug\game\source\vcpp\debug\assaultcube.res
f:\desktop app\desktop app\sentrxai_dashboard\sentrxai_dashboard\bin\debug\game\source\vcpp\debug\ac_client.ilk
f:\desktop app\desktop app\sentrxai_dashboard\sentrxai_dashboard\bin\debug\game\source\vcpp\debug\assaultcube.tlog\cl.command.1.tlog
f:\desktop app\desktop app\sentrxai_dashboard\sentrxai_dashboard\bin\debug\game\source\vcpp\debug\assaultcube.tlog\cl.items.tlog
f:\desktop app\desktop app\sentrxai_dashboard\sentrxai_dashboard\bin\debug\game\source\vcpp\debug\assaultcube.tlog\cl.read.1.tlog
f:\desktop app\desktop app\sentrxai_dashboard\sentrxai_dashboard\bin\debug\game\source\vcpp\debug\assaultcube.tlog\cl.write.1.tlog
f:\desktop app\desktop app\sentrxai_dashboard\sentrxai_dashboard\bin\debug\game\source\vcpp\debug\assaultcube.tlog\link.command.1.tlog
f:\desktop app\desktop app\sentrxai_dashboard\sentrxai_dashboard\bin\debug\game\source\vcpp\debug\assaultcube.tlog\link.read.1.tlog
f:\desktop app\desktop app\sentrxai_dashboard\sentrxai_dashboard\bin\debug\game\source\vcpp\debug\assaultcube.tlog\link.secondary.1.tlog
f:\desktop app\desktop app\sentrxai_dashboard\sentrxai_dashboard\bin\debug\game\source\vcpp\debug\assaultcube.tlog\link.write.1.tlog
f:\desktop app\desktop app\sentrxai_dashboard\sentrxai_dashboard\bin\debug\game\source\vcpp\debug\assaultcube.tlog\rc.command.1.tlog
f:\desktop app\desktop app\sentrxai_dashboard\sentrxai_dashboard\bin\debug\game\source\vcpp\debug\assaultcube.tlog\rc.read.1.tlog
f:\desktop app\desktop app\sentrxai_dashboard\sentrxai_dashboard\bin\debug\game\source\vcpp\debug\assaultcube.tlog\rc.write.1.tlog
